<?xml version="1.0" encoding="UTF-8"?>
<testng-results ignored="16" total="21" passed="5" failed="0" skipped="0">
  <reporter-output>
  </reporter-output>
  <suite started-at="2021-05-06T00:29:17 IST" name="Suite" finished-at="2021-05-06T00:32:17 IST" duration-ms="179643">
    <groups>
      <group name="regressionTest">
        <method signature="TL_27_ConvertLeadToOpertunitiesBySelectingOpertunityAndContactTheChekboxsAndFeelAllTheMandatoryFields.convertLead()[pri:0, instance:com.crm.vtigerTests.Leads.TL_27_ConvertLeadToOpertunitiesBySelectingOpertunityAndContactTheChekboxsAndFeelAllTheMandatoryFields@3c22fc4c]" name="convertLead" class="com.crm.vtigerTests.Leads.TL_27_ConvertLeadToOpertunitiesBySelectingOpertunityAndContactTheChekboxsAndFeelAllTheMandatoryFields"/>
        <method signature="TL_29_ConvertLeadToOpertunitiesBySelectingAllTheChekboxsAndChangeTheOpertunityName.convertLead()[pri:0, instance:com.crm.vtigerTests.Leads.TL_29_ConvertLeadToOpertunitiesBySelectingAllTheChekboxsAndChangeTheOpertunityName@1184ab05]" name="convertLead" class="com.crm.vtigerTests.Leads.TL_29_ConvertLeadToOpertunitiesBySelectingAllTheChekboxsAndChangeTheOpertunityName"/>
      </group> <!-- regressionTest -->
      <group name="smokeTest">
        <method signature="TL_26_ConvertLeadToOpertunitiesBySelectingOrganisationAndContactChekboxsAndFillAllTheMandatoryFields.convertLead()[pri:0, instance:com.crm.vtigerTests.Leads.TL_26_ConvertLeadToOpertunitiesBySelectingOrganisationAndContactChekboxsAndFillAllTheMandatoryFields@3aefe5e5]" name="convertLead" class="com.crm.vtigerTests.Leads.TL_26_ConvertLeadToOpertunitiesBySelectingOrganisationAndContactChekboxsAndFillAllTheMandatoryFields"/>
        <method signature="TL_28_ConvertLeadToOpertunitiesBySelectingOpertunityAndContactTheChekboxsAndFeelAllTheMandatoryFields.convertLead()[pri:0, instance:com.crm.vtigerTests.Leads.TL_28_ConvertLeadToOpertunitiesBySelectingOpertunityAndContactTheChekboxsAndFeelAllTheMandatoryFields@47d90b9e]" name="convertLead" class="com.crm.vtigerTests.Leads.TL_28_ConvertLeadToOpertunitiesBySelectingOpertunityAndContactTheChekboxsAndFeelAllTheMandatoryFields"/>
        <method signature="TL_30_ConvertLeadToOpertunitiesBySelectingAllTheChekboxsAndGiveValidDataToExpectedCloseDate.convertLead()[pri:0, instance:com.crm.vtigerTests.Leads.TL_30_ConvertLeadToOpertunitiesBySelectingAllTheChekboxsAndGiveValidDataToExpectedCloseDate@460d0a57]" name="convertLead" class="com.crm.vtigerTests.Leads.TL_30_ConvertLeadToOpertunitiesBySelectingAllTheChekboxsAndGiveValidDataToExpectedCloseDate"/>
      </group> <!-- smokeTest -->
    </groups>
    <test started-at="2021-05-06T00:29:17 IST" name="Test" finished-at="2021-05-06T00:32:17 IST" duration-ms="179643">
      <class name="com.crm.vtigerTests.Leads.TL_30_ConvertLeadToOpertunitiesBySelectingAllTheChekboxsAndGiveValidDataToExpectedCloseDate">
        <test-method is-config="true" signature="configBC()[pri:0, instance:com.crm.vtigerTests.Leads.TL_30_ConvertLeadToOpertunitiesBySelectingAllTheChekboxsAndGiveValidDataToExpectedCloseDate@460d0a57]" started-at="2021-05-06T00:29:52 IST" name="configBC" finished-at="2021-05-06T00:29:53 IST" duration-ms="1404" status="PASS">
          <reporter-output>
          </reporter-output>
        </test-method> <!-- configBC -->
        <test-method is-config="true" signature="setUp()[pri:0, instance:com.crm.vtigerTests.Leads.TL_30_ConvertLeadToOpertunitiesBySelectingAllTheChekboxsAndGiveValidDataToExpectedCloseDate@460d0a57]" started-at="2021-05-06T00:29:53 IST" name="setUp" finished-at="2021-05-06T00:29:57 IST" duration-ms="4444" status="PASS">
          <reporter-output>
          </reporter-output>
        </test-method> <!-- setUp -->
        <test-method signature="convertLead()[pri:0, instance:com.crm.vtigerTests.Leads.TL_30_ConvertLeadToOpertunitiesBySelectingAllTheChekboxsAndGiveValidDataToExpectedCloseDate@460d0a57]" started-at="2021-05-06T00:29:57 IST" name="convertLead" finished-at="2021-05-06T00:30:26 IST" duration-ms="28936" status="PASS">
          <reporter-output>
          </reporter-output>
        </test-method> <!-- convertLead -->
        <test-method is-config="true" signature="tearDown()[pri:0, instance:com.crm.vtigerTests.Leads.TL_30_ConvertLeadToOpertunitiesBySelectingAllTheChekboxsAndGiveValidDataToExpectedCloseDate@460d0a57]" started-at="2021-05-06T00:30:26 IST" name="tearDown" finished-at="2021-05-06T00:30:28 IST" duration-ms="1326" status="PASS">
          <reporter-output>
          </reporter-output>
        </test-method> <!-- tearDown -->
        <test-method is-config="true" signature="configAC()[pri:0, instance:com.crm.vtigerTests.Leads.TL_30_ConvertLeadToOpertunitiesBySelectingAllTheChekboxsAndGiveValidDataToExpectedCloseDate@460d0a57]" started-at="2021-05-06T00:30:28 IST" name="configAC" finished-at="2021-05-06T00:30:28 IST" duration-ms="501" status="PASS">
          <reporter-output>
          </reporter-output>
        </test-method> <!-- configAC -->
      </class> <!-- com.crm.vtigerTests.Leads.TL_30_ConvertLeadToOpertunitiesBySelectingAllTheChekboxsAndGiveValidDataToExpectedCloseDate -->
      <class name="com.crm.vtigerTests.Leads.TL_28_ConvertLeadToOpertunitiesBySelectingOpertunityAndContactTheChekboxsAndFeelAllTheMandatoryFields">
        <test-method is-config="true" signature="configBC()[pri:0, instance:com.crm.vtigerTests.Leads.TL_28_ConvertLeadToOpertunitiesBySelectingOpertunityAndContactTheChekboxsAndFeelAllTheMandatoryFields@47d90b9e]" started-at="2021-05-06T00:30:28 IST" name="configBC" finished-at="2021-05-06T00:30:30 IST" duration-ms="1489" status="PASS">
          <reporter-output>
          </reporter-output>
        </test-method> <!-- configBC -->
        <test-method is-config="true" signature="setUp()[pri:0, instance:com.crm.vtigerTests.Leads.TL_28_ConvertLeadToOpertunitiesBySelectingOpertunityAndContactTheChekboxsAndFeelAllTheMandatoryFields@47d90b9e]" started-at="2021-05-06T00:30:30 IST" name="setUp" finished-at="2021-05-06T00:30:34 IST" duration-ms="4537" status="PASS">
          <reporter-output>
          </reporter-output>
        </test-method> <!-- setUp -->
        <test-method signature="convertLead()[pri:0, instance:com.crm.vtigerTests.Leads.TL_28_ConvertLeadToOpertunitiesBySelectingOpertunityAndContactTheChekboxsAndFeelAllTheMandatoryFields@47d90b9e]" started-at="2021-05-06T00:30:34 IST" name="convertLead" finished-at="2021-05-06T00:31:00 IST" duration-ms="26168" status="PASS">
          <reporter-output>
          </reporter-output>
        </test-method> <!-- convertLead -->
        <test-method is-config="true" signature="tearDown()[pri:0, instance:com.crm.vtigerTests.Leads.TL_28_ConvertLeadToOpertunitiesBySelectingOpertunityAndContactTheChekboxsAndFeelAllTheMandatoryFields@47d90b9e]" started-at="2021-05-06T00:31:00 IST" name="tearDown" finished-at="2021-05-06T00:31:02 IST" duration-ms="1437" status="PASS">
          <reporter-output>
          </reporter-output>
        </test-method> <!-- tearDown -->
        <test-method is-config="true" signature="configAC()[pri:0, instance:com.crm.vtigerTests.Leads.TL_28_ConvertLeadToOpertunitiesBySelectingOpertunityAndContactTheChekboxsAndFeelAllTheMandatoryFields@47d90b9e]" started-at="2021-05-06T00:31:02 IST" name="configAC" finished-at="2021-05-06T00:31:02 IST" duration-ms="579" status="PASS">
          <reporter-output>
          </reporter-output>
        </test-method> <!-- configAC -->
      </class> <!-- com.crm.vtigerTests.Leads.TL_28_ConvertLeadToOpertunitiesBySelectingOpertunityAndContactTheChekboxsAndFeelAllTheMandatoryFields -->
      <class name="com.crm.vtigerTests.Leads.TL_27_ConvertLeadToOpertunitiesBySelectingOpertunityAndContactTheChekboxsAndFeelAllTheMandatoryFields">
        <test-method is-config="true" signature="configBS()[pri:0, instance:com.crm.vtigerTests.Leads.TL_27_ConvertLeadToOpertunitiesBySelectingOpertunityAndContactTheChekboxsAndFeelAllTheMandatoryFields@3c22fc4c]" started-at="2021-05-06T00:29:17 IST" name="configBS" finished-at="2021-05-06T00:29:17 IST" duration-ms="15" status="PASS">
          <reporter-output>
          </reporter-output>
        </test-method> <!-- configBS -->
        <test-method is-config="true" signature="configBT()[pri:0, instance:com.crm.vtigerTests.Leads.TL_27_ConvertLeadToOpertunitiesBySelectingOpertunityAndContactTheChekboxsAndFeelAllTheMandatoryFields@3c22fc4c]" started-at="2021-05-06T00:29:17 IST" name="configBT" finished-at="2021-05-06T00:29:17 IST" duration-ms="0" status="PASS">
          <reporter-output>
          </reporter-output>
        </test-method> <!-- configBT -->
        <test-method is-config="true" signature="configBC()[pri:0, instance:com.crm.vtigerTests.Leads.TL_27_ConvertLeadToOpertunitiesBySelectingOpertunityAndContactTheChekboxsAndFeelAllTheMandatoryFields@3c22fc4c]" started-at="2021-05-06T00:29:17 IST" name="configBC" finished-at="2021-05-06T00:29:19 IST" duration-ms="2304" status="PASS">
          <reporter-output>
          </reporter-output>
        </test-method> <!-- configBC -->
        <test-method is-config="true" signature="setUp()[pri:0, instance:com.crm.vtigerTests.Leads.TL_27_ConvertLeadToOpertunitiesBySelectingOpertunityAndContactTheChekboxsAndFeelAllTheMandatoryFields@3c22fc4c]" started-at="2021-05-06T00:29:19 IST" name="setUp" finished-at="2021-05-06T00:29:25 IST" duration-ms="5775" status="PASS">
          <reporter-output>
          </reporter-output>
        </test-method> <!-- setUp -->
        <test-method signature="convertLead()[pri:0, instance:com.crm.vtigerTests.Leads.TL_27_ConvertLeadToOpertunitiesBySelectingOpertunityAndContactTheChekboxsAndFeelAllTheMandatoryFields@3c22fc4c]" started-at="2021-05-06T00:29:25 IST" name="convertLead" finished-at="2021-05-06T00:29:49 IST" duration-ms="24207" status="PASS">
          <reporter-output>
          </reporter-output>
        </test-method> <!-- convertLead -->
        <test-method is-config="true" signature="tearDown()[pri:0, instance:com.crm.vtigerTests.Leads.TL_27_ConvertLeadToOpertunitiesBySelectingOpertunityAndContactTheChekboxsAndFeelAllTheMandatoryFields@3c22fc4c]" started-at="2021-05-06T00:29:49 IST" name="tearDown" finished-at="2021-05-06T00:29:51 IST" duration-ms="1611" status="PASS">
          <reporter-output>
          </reporter-output>
        </test-method> <!-- tearDown -->
        <test-method is-config="true" signature="configAC()[pri:0, instance:com.crm.vtigerTests.Leads.TL_27_ConvertLeadToOpertunitiesBySelectingOpertunityAndContactTheChekboxsAndFeelAllTheMandatoryFields@3c22fc4c]" started-at="2021-05-06T00:29:51 IST" name="configAC" finished-at="2021-05-06T00:29:52 IST" duration-ms="575" status="PASS">
          <reporter-output>
          </reporter-output>
        </test-method> <!-- configAC -->
        <test-method is-config="true" signature="configAT()[pri:0, instance:com.crm.vtigerTests.Leads.TL_27_ConvertLeadToOpertunitiesBySelectingOpertunityAndContactTheChekboxsAndFeelAllTheMandatoryFields@3c22fc4c]" started-at="2021-05-06T00:32:17 IST" name="configAT" finished-at="2021-05-06T00:32:17 IST" duration-ms="0" status="PASS">
          <reporter-output>
          </reporter-output>
        </test-method> <!-- configAT -->
        <test-method is-config="true" signature="configAS()[pri:0, instance:com.crm.vtigerTests.Leads.TL_27_ConvertLeadToOpertunitiesBySelectingOpertunityAndContactTheChekboxsAndFeelAllTheMandatoryFields@3c22fc4c]" started-at="2021-05-06T00:32:17 IST" name="configAS" finished-at="2021-05-06T00:32:17 IST" duration-ms="0" status="PASS">
          <reporter-output>
          </reporter-output>
        </test-method> <!-- configAS -->
      </class> <!-- com.crm.vtigerTests.Leads.TL_27_ConvertLeadToOpertunitiesBySelectingOpertunityAndContactTheChekboxsAndFeelAllTheMandatoryFields -->
      <class name="com.crm.vtigerTests.Leads.TL_29_ConvertLeadToOpertunitiesBySelectingAllTheChekboxsAndChangeTheOpertunityName">
        <test-method is-config="true" signature="configBC()[pri:0, instance:com.crm.vtigerTests.Leads.TL_29_ConvertLeadToOpertunitiesBySelectingAllTheChekboxsAndChangeTheOpertunityName@1184ab05]" started-at="2021-05-06T00:31:02 IST" name="configBC" finished-at="2021-05-06T00:31:04 IST" duration-ms="1364" status="PASS">
          <reporter-output>
          </reporter-output>
        </test-method> <!-- configBC -->
        <test-method is-config="true" signature="setUp()[pri:0, instance:com.crm.vtigerTests.Leads.TL_29_ConvertLeadToOpertunitiesBySelectingAllTheChekboxsAndChangeTheOpertunityName@1184ab05]" started-at="2021-05-06T00:31:04 IST" name="setUp" finished-at="2021-05-06T00:31:09 IST" duration-ms="5134" status="PASS">
          <reporter-output>
          </reporter-output>
        </test-method> <!-- setUp -->
        <test-method signature="convertLead()[pri:0, instance:com.crm.vtigerTests.Leads.TL_29_ConvertLeadToOpertunitiesBySelectingAllTheChekboxsAndChangeTheOpertunityName@1184ab05]" started-at="2021-05-06T00:31:09 IST" name="convertLead" finished-at="2021-05-06T00:31:38 IST" duration-ms="28816" status="PASS">
          <reporter-output>
          </reporter-output>
        </test-method> <!-- convertLead -->
        <test-method is-config="true" signature="tearDown()[pri:0, instance:com.crm.vtigerTests.Leads.TL_29_ConvertLeadToOpertunitiesBySelectingAllTheChekboxsAndChangeTheOpertunityName@1184ab05]" started-at="2021-05-06T00:31:38 IST" name="tearDown" finished-at="2021-05-06T00:31:39 IST" duration-ms="1493" status="PASS">
          <reporter-output>
          </reporter-output>
        </test-method> <!-- tearDown -->
        <test-method is-config="true" signature="configAC()[pri:0, instance:com.crm.vtigerTests.Leads.TL_29_ConvertLeadToOpertunitiesBySelectingAllTheChekboxsAndChangeTheOpertunityName@1184ab05]" started-at="2021-05-06T00:31:39 IST" name="configAC" finished-at="2021-05-06T00:31:40 IST" duration-ms="512" status="PASS">
          <reporter-output>
          </reporter-output>
        </test-method> <!-- configAC -->
      </class> <!-- com.crm.vtigerTests.Leads.TL_29_ConvertLeadToOpertunitiesBySelectingAllTheChekboxsAndChangeTheOpertunityName -->
      <class name="com.crm.vtigerTests.Leads.TL_26_ConvertLeadToOpertunitiesBySelectingOrganisationAndContactChekboxsAndFillAllTheMandatoryFields">
        <test-method is-config="true" signature="configBC()[pri:0, instance:com.crm.vtigerTests.Leads.TL_26_ConvertLeadToOpertunitiesBySelectingOrganisationAndContactChekboxsAndFillAllTheMandatoryFields@3aefe5e5]" started-at="2021-05-06T00:31:40 IST" name="configBC" finished-at="2021-05-06T00:31:41 IST" duration-ms="1269" status="PASS">
          <reporter-output>
          </reporter-output>
        </test-method> <!-- configBC -->
        <test-method is-config="true" signature="setUp()[pri:0, instance:com.crm.vtigerTests.Leads.TL_26_ConvertLeadToOpertunitiesBySelectingOrganisationAndContactChekboxsAndFillAllTheMandatoryFields@3aefe5e5]" started-at="2021-05-06T00:31:41 IST" name="setUp" finished-at="2021-05-06T00:31:46 IST" duration-ms="5105" status="PASS">
          <reporter-output>
          </reporter-output>
        </test-method> <!-- setUp -->
        <test-method signature="convertLead()[pri:0, instance:com.crm.vtigerTests.Leads.TL_26_ConvertLeadToOpertunitiesBySelectingOrganisationAndContactChekboxsAndFillAllTheMandatoryFields@3aefe5e5]" started-at="2021-05-06T00:31:46 IST" name="convertLead" finished-at="2021-05-06T00:32:15 IST" duration-ms="28666" status="PASS">
          <reporter-output>
          </reporter-output>
        </test-method> <!-- convertLead -->
        <test-method is-config="true" signature="tearDown()[pri:0, instance:com.crm.vtigerTests.Leads.TL_26_ConvertLeadToOpertunitiesBySelectingOrganisationAndContactChekboxsAndFillAllTheMandatoryFields@3aefe5e5]" started-at="2021-05-06T00:32:15 IST" name="tearDown" finished-at="2021-05-06T00:32:16 IST" duration-ms="1430" status="PASS">
          <reporter-output>
          </reporter-output>
        </test-method> <!-- tearDown -->
        <test-method is-config="true" signature="configAC()[pri:0, instance:com.crm.vtigerTests.Leads.TL_26_ConvertLeadToOpertunitiesBySelectingOrganisationAndContactChekboxsAndFillAllTheMandatoryFields@3aefe5e5]" started-at="2021-05-06T00:32:16 IST" name="configAC" finished-at="2021-05-06T00:32:17 IST" duration-ms="501" status="PASS">
          <reporter-output>
          </reporter-output>
        </test-method> <!-- configAC -->
      </class> <!-- com.crm.vtigerTests.Leads.TL_26_ConvertLeadToOpertunitiesBySelectingOrganisationAndContactChekboxsAndFillAllTheMandatoryFields -->
    </test> <!-- Test -->
  </suite> <!-- Suite -->
</testng-results>
