<?xml version="1.0" encoding="UTF-8"?>
<testng-results ignored="12" total="17" passed="5" failed="0" skipped="0">
  <reporter-output>
  </reporter-output>
  <suite started-at="2021-05-08T21:08:10 IST" name="Suite" finished-at="2021-05-08T21:10:46 IST" duration-ms="156043">
    <groups>
      <group name="regressionTest">
        <method signature="TL_29_ConvertLeadToOrganization.convertLead()[pri:0, instance:com.crm.vtigerTests.Leads.TL_29_ConvertLeadToOrganization@3eb7fc54]" name="convertLead" class="com.crm.vtigerTests.Leads.TL_29_ConvertLeadToOrganization"/>
        <method signature="TL_27_ConvertLeadAndCheckError.convertLead()[pri:0, instance:com.crm.vtigerTests.Leads.TL_27_ConvertLeadAndCheckError@353d0772]" name="convertLead" class="com.crm.vtigerTests.Leads.TL_27_ConvertLeadAndCheckError"/>
      </group> <!-- regressionTest -->
      <group name="smokeTest">
        <method signature="TL_26_ConvertLeadToOrganization.convertLead()[pri:0, instance:com.crm.vtigerTests.Leads.TL_26_ConvertLeadToOrganization@3c22fc4c]" name="convertLead" class="com.crm.vtigerTests.Leads.TL_26_ConvertLeadToOrganization"/>
        <method signature="TL_28_ConvertLeadAndCheckError.convertLead()[pri:0, instance:com.crm.vtigerTests.Leads.TL_28_ConvertLeadAndCheckError@7f552bd3]" name="convertLead" class="com.crm.vtigerTests.Leads.TL_28_ConvertLeadAndCheckError"/>
        <method signature="TL_30_ConvertLeadBySelectingOpportunity.convertLead()[pri:0, instance:com.crm.vtigerTests.Leads.TL_30_ConvertLeadBySelectingOpportunity@10e41621]" name="convertLead" class="com.crm.vtigerTests.Leads.TL_30_ConvertLeadBySelectingOpportunity"/>
      </group> <!-- smokeTest -->
    </groups>
    <test started-at="2021-05-08T21:08:10 IST" name="Test1" finished-at="2021-05-08T21:10:12 IST" duration-ms="121908">
      <class name="com.crm.vtigerTests.Leads.TL_27_ConvertLeadAndCheckError">
        <test-method is-config="true" signature="configBC()[pri:0, instance:com.crm.vtigerTests.Leads.TL_27_ConvertLeadAndCheckError@353d0772]" started-at="2021-05-08T21:09:20 IST" name="configBC" finished-at="2021-05-08T21:09:21 IST" duration-ms="1464" status="PASS">
          <reporter-output>
          </reporter-output>
        </test-method> <!-- configBC -->
        <test-method is-config="true" signature="setUp()[pri:0, instance:com.crm.vtigerTests.Leads.TL_27_ConvertLeadAndCheckError@353d0772]" started-at="2021-05-08T21:09:21 IST" name="setUp" finished-at="2021-05-08T21:09:31 IST" duration-ms="9135" status="PASS">
          <reporter-output>
          </reporter-output>
        </test-method> <!-- setUp -->
        <test-method signature="convertLead()[pri:0, instance:com.crm.vtigerTests.Leads.TL_27_ConvertLeadAndCheckError@353d0772]" started-at="2021-05-08T21:09:31 IST" name="convertLead" finished-at="2021-05-08T21:10:09 IST" duration-ms="37942" status="PASS">
          <reporter-output>
          </reporter-output>
        </test-method> <!-- convertLead -->
        <test-method is-config="true" signature="tearDown()[pri:0, instance:com.crm.vtigerTests.Leads.TL_27_ConvertLeadAndCheckError@353d0772]" started-at="2021-05-08T21:10:09 IST" name="tearDown" finished-at="2021-05-08T21:10:11 IST" duration-ms="2711" status="PASS">
          <reporter-output>
          </reporter-output>
        </test-method> <!-- tearDown -->
        <test-method is-config="true" signature="configAC()[pri:0, instance:com.crm.vtigerTests.Leads.TL_27_ConvertLeadAndCheckError@353d0772]" started-at="2021-05-08T21:10:11 IST" name="configAC" finished-at="2021-05-08T21:10:12 IST" duration-ms="403" status="PASS">
          <reporter-output>
          </reporter-output>
        </test-method> <!-- configAC -->
      </class> <!-- com.crm.vtigerTests.Leads.TL_27_ConvertLeadAndCheckError -->
      <class name="com.crm.vtigerTests.Leads.TL_30_ConvertLeadBySelectingOpportunity">
        <test-method is-config="true" signature="configBS()[pri:0, instance:com.crm.vtigerTests.Leads.TL_30_ConvertLeadBySelectingOpportunity@10e41621]" started-at="2021-05-08T21:08:10 IST" name="configBS" finished-at="2021-05-08T21:08:10 IST" duration-ms="20" status="PASS">
          <reporter-output>
          </reporter-output>
        </test-method> <!-- configBS -->
        <test-method is-config="true" signature="configBT()[pri:0, instance:com.crm.vtigerTests.Leads.TL_30_ConvertLeadBySelectingOpportunity@10e41621]" started-at="2021-05-08T21:08:10 IST" name="configBT" finished-at="2021-05-08T21:08:10 IST" duration-ms="1" status="PASS">
          <reporter-output>
          </reporter-output>
        </test-method> <!-- configBT -->
        <test-method is-config="true" signature="configBC()[pri:0, instance:com.crm.vtigerTests.Leads.TL_30_ConvertLeadBySelectingOpportunity@10e41621]" started-at="2021-05-08T21:08:10 IST" name="configBC" finished-at="2021-05-08T21:08:13 IST" duration-ms="3404" status="PASS">
          <reporter-output>
          </reporter-output>
        </test-method> <!-- configBC -->
        <test-method is-config="true" signature="setUp()[pri:0, instance:com.crm.vtigerTests.Leads.TL_30_ConvertLeadBySelectingOpportunity@10e41621]" started-at="2021-05-08T21:08:13 IST" name="setUp" finished-at="2021-05-08T21:08:21 IST" duration-ms="8038" status="PASS">
          <reporter-output>
          </reporter-output>
        </test-method> <!-- setUp -->
        <test-method signature="convertLead()[pri:0, instance:com.crm.vtigerTests.Leads.TL_30_ConvertLeadBySelectingOpportunity@10e41621]" started-at="2021-05-08T21:08:21 IST" name="convertLead" finished-at="2021-05-08T21:09:04 IST" duration-ms="42999" status="PASS">
          <reporter-output>
          </reporter-output>
        </test-method> <!-- convertLead -->
        <test-method is-config="true" signature="tearDown()[pri:0, instance:com.crm.vtigerTests.Leads.TL_30_ConvertLeadBySelectingOpportunity@10e41621]" started-at="2021-05-08T21:09:04 IST" name="tearDown" finished-at="2021-05-08T21:09:20 IST" duration-ms="15256" status="PASS">
          <reporter-output>
          </reporter-output>
        </test-method> <!-- tearDown -->
        <test-method is-config="true" signature="configAC()[pri:0, instance:com.crm.vtigerTests.Leads.TL_30_ConvertLeadBySelectingOpportunity@10e41621]" started-at="2021-05-08T21:09:20 IST" name="configAC" finished-at="2021-05-08T21:09:20 IST" duration-ms="483" status="PASS">
          <reporter-output>
          </reporter-output>
        </test-method> <!-- configAC -->
        <test-method is-config="true" signature="configAT()[pri:0, instance:com.crm.vtigerTests.Leads.TL_30_ConvertLeadBySelectingOpportunity@10e41621]" started-at="2021-05-08T21:10:12 IST" name="configAT" finished-at="2021-05-08T21:10:12 IST" duration-ms="1" status="PASS">
          <reporter-output>
          </reporter-output>
        </test-method> <!-- configAT -->
        <test-method is-config="true" signature="configAS()[pri:0, instance:com.crm.vtigerTests.Leads.TL_30_ConvertLeadBySelectingOpportunity@10e41621]" started-at="2021-05-08T21:10:46 IST" name="configAS" finished-at="2021-05-08T21:10:46 IST" duration-ms="1" status="PASS">
          <reporter-output>
          </reporter-output>
        </test-method> <!-- configAS -->
      </class> <!-- com.crm.vtigerTests.Leads.TL_30_ConvertLeadBySelectingOpportunity -->
    </test> <!-- Test1 -->
    <test started-at="2021-05-08T21:08:10 IST" name="Test" finished-at="2021-05-08T21:10:46 IST" duration-ms="156043">
      <class name="com.crm.vtigerTests.Leads.TL_28_ConvertLeadAndCheckError">
        <test-method is-config="true" signature="configBC()[pri:0, instance:com.crm.vtigerTests.Leads.TL_28_ConvertLeadAndCheckError@7f552bd3]" started-at="2021-05-08T21:09:16 IST" name="configBC" finished-at="2021-05-08T21:09:17 IST" duration-ms="1439" status="PASS">
          <reporter-output>
          </reporter-output>
        </test-method> <!-- configBC -->
        <test-method is-config="true" signature="setUp()[pri:0, instance:com.crm.vtigerTests.Leads.TL_28_ConvertLeadAndCheckError@7f552bd3]" started-at="2021-05-08T21:09:17 IST" name="setUp" finished-at="2021-05-08T21:09:25 IST" duration-ms="7532" status="PASS">
          <reporter-output>
          </reporter-output>
        </test-method> <!-- setUp -->
        <test-method signature="convertLead()[pri:0, instance:com.crm.vtigerTests.Leads.TL_28_ConvertLeadAndCheckError@7f552bd3]" started-at="2021-05-08T21:09:25 IST" name="convertLead" finished-at="2021-05-08T21:10:03 IST" duration-ms="38247" status="PASS">
          <reporter-output>
          </reporter-output>
        </test-method> <!-- convertLead -->
        <test-method is-config="true" signature="tearDown()[pri:0, instance:com.crm.vtigerTests.Leads.TL_28_ConvertLeadAndCheckError@7f552bd3]" started-at="2021-05-08T21:10:03 IST" name="tearDown" finished-at="2021-05-08T21:10:05 IST" duration-ms="1943" status="PASS">
          <reporter-output>
          </reporter-output>
        </test-method> <!-- tearDown -->
        <test-method is-config="true" signature="configAC()[pri:0, instance:com.crm.vtigerTests.Leads.TL_28_ConvertLeadAndCheckError@7f552bd3]" started-at="2021-05-08T21:10:05 IST" name="configAC" finished-at="2021-05-08T21:10:05 IST" duration-ms="363" status="PASS">
          <reporter-output>
          </reporter-output>
        </test-method> <!-- configAC -->
      </class> <!-- com.crm.vtigerTests.Leads.TL_28_ConvertLeadAndCheckError -->
      <class name="com.crm.vtigerTests.Leads.TL_29_ConvertLeadToOrganization">
        <test-method is-config="true" signature="configBT()[pri:0, instance:com.crm.vtigerTests.Leads.TL_29_ConvertLeadToOrganization@3eb7fc54]" started-at="2021-05-08T21:08:10 IST" name="configBT" finished-at="2021-05-08T21:08:10 IST" duration-ms="1" status="PASS">
          <reporter-output>
          </reporter-output>
        </test-method> <!-- configBT -->
        <test-method is-config="true" signature="configBC()[pri:0, instance:com.crm.vtigerTests.Leads.TL_29_ConvertLeadToOrganization@3eb7fc54]" started-at="2021-05-08T21:08:10 IST" name="configBC" finished-at="2021-05-08T21:08:13 IST" duration-ms="3530" status="PASS">
          <reporter-output>
          </reporter-output>
        </test-method> <!-- configBC -->
        <test-method is-config="true" signature="setUp()[pri:0, instance:com.crm.vtigerTests.Leads.TL_29_ConvertLeadToOrganization@3eb7fc54]" started-at="2021-05-08T21:08:13 IST" name="setUp" finished-at="2021-05-08T21:08:24 IST" duration-ms="10419" status="PASS">
          <reporter-output>
          </reporter-output>
        </test-method> <!-- setUp -->
        <test-method signature="convertLead()[pri:0, instance:com.crm.vtigerTests.Leads.TL_29_ConvertLeadToOrganization@3eb7fc54]" started-at="2021-05-08T21:08:24 IST" name="convertLead" finished-at="2021-05-08T21:09:06 IST" duration-ms="41887" status="PASS">
          <reporter-output>
          </reporter-output>
        </test-method> <!-- convertLead -->
        <test-method is-config="true" signature="tearDown()[pri:0, instance:com.crm.vtigerTests.Leads.TL_29_ConvertLeadToOrganization@3eb7fc54]" started-at="2021-05-08T21:09:06 IST" name="tearDown" finished-at="2021-05-08T21:09:16 IST" duration-ms="9912" status="PASS">
          <reporter-output>
          </reporter-output>
        </test-method> <!-- tearDown -->
        <test-method is-config="true" signature="configAC()[pri:0, instance:com.crm.vtigerTests.Leads.TL_29_ConvertLeadToOrganization@3eb7fc54]" started-at="2021-05-08T21:09:16 IST" name="configAC" finished-at="2021-05-08T21:09:16 IST" duration-ms="340" status="PASS">
          <reporter-output>
          </reporter-output>
        </test-method> <!-- configAC -->
        <test-method is-config="true" signature="configAT()[pri:0, instance:com.crm.vtigerTests.Leads.TL_29_ConvertLeadToOrganization@3eb7fc54]" started-at="2021-05-08T21:10:46 IST" name="configAT" finished-at="2021-05-08T21:10:46 IST" duration-ms="0" status="PASS">
          <reporter-output>
          </reporter-output>
        </test-method> <!-- configAT -->
      </class> <!-- com.crm.vtigerTests.Leads.TL_29_ConvertLeadToOrganization -->
      <class name="com.crm.vtigerTests.Leads.TL_26_ConvertLeadToOrganization">
        <test-method is-config="true" signature="configBC()[pri:0, instance:com.crm.vtigerTests.Leads.TL_26_ConvertLeadToOrganization@3c22fc4c]" started-at="2021-05-08T21:10:05 IST" name="configBC" finished-at="2021-05-08T21:10:07 IST" duration-ms="1354" status="PASS">
          <reporter-output>
          </reporter-output>
        </test-method> <!-- configBC -->
        <test-method is-config="true" signature="setUp()[pri:0, instance:com.crm.vtigerTests.Leads.TL_26_ConvertLeadToOrganization@3c22fc4c]" started-at="2021-05-08T21:10:07 IST" name="setUp" finished-at="2021-05-08T21:10:14 IST" duration-ms="7332" status="PASS">
          <reporter-output>
          </reporter-output>
        </test-method> <!-- setUp -->
        <test-method signature="convertLead()[pri:0, instance:com.crm.vtigerTests.Leads.TL_26_ConvertLeadToOrganization@3c22fc4c]" started-at="2021-05-08T21:10:14 IST" name="convertLead" finished-at="2021-05-08T21:10:44 IST" duration-ms="29940" status="PASS">
          <reporter-output>
          </reporter-output>
        </test-method> <!-- convertLead -->
        <test-method is-config="true" signature="tearDown()[pri:0, instance:com.crm.vtigerTests.Leads.TL_26_ConvertLeadToOrganization@3c22fc4c]" started-at="2021-05-08T21:10:44 IST" name="tearDown" finished-at="2021-05-08T21:10:45 IST" duration-ms="1459" status="PASS">
          <reporter-output>
          </reporter-output>
        </test-method> <!-- tearDown -->
        <test-method is-config="true" signature="configAC()[pri:0, instance:com.crm.vtigerTests.Leads.TL_26_ConvertLeadToOrganization@3c22fc4c]" started-at="2021-05-08T21:10:45 IST" name="configAC" finished-at="2021-05-08T21:10:46 IST" duration-ms="309" status="PASS">
          <reporter-output>
          </reporter-output>
        </test-method> <!-- configAC -->
      </class> <!-- com.crm.vtigerTests.Leads.TL_26_ConvertLeadToOrganization -->
    </test> <!-- Test -->
  </suite> <!-- Suite -->
</testng-results>
