<?xml version="1.0" encoding="UTF-8"?>
<!-- Generated by org.testng.reporters.JUnitXMLReporter -->
<testsuite ignored="8" hostname="STEALTH" failures="0" tests="3" name="Test" time="156.043" errors="0" timestamp="2021-05-08T21:10:46 IST">
  <testcase classname="com.crm.vtigerTests.Leads.TL_29_ConvertLeadToOrganization" name="convertLead" time="41.887"/>
  <testcase classname="com.crm.vtigerTests.Leads.TL_28_ConvertLeadAndCheckError" name="convertLead" time="38.247"/>
  <testcase classname="com.crm.vtigerTests.Leads.TL_26_ConvertLeadToOrganization" name="convertLead" time="29.94"/>
  <testcase classname="com.crm.vtiger.genericUtils.BaseClass" name="@BeforeTest configBT" time="0.0">
    <ignored/>
  </testcase> <!-- @BeforeTest configBT -->
  <testcase classname="com.crm.vtiger.genericUtils.BaseClass" name="@BeforeTest configBT" time="0.0">
    <ignored/>
  </testcase> <!-- @BeforeTest configBT -->
  <testcase classname="com.crm.vtiger.genericUtils.BaseClass" name="@AfterSuite configAS" time="0.0">
    <ignored/>
  </testcase> <!-- @AfterSuite configAS -->
  <testcase classname="com.crm.vtiger.genericUtils.BaseClass" name="@AfterSuite configAS" time="0.0">
    <ignored/>
  </testcase> <!-- @AfterSuite configAS -->
  <testcase classname="com.crm.vtiger.genericUtils.BaseClass" name="@AfterTest configAT" time="0.0">
    <ignored/>
  </testcase> <!-- @AfterTest configAT -->
  <testcase classname="com.crm.vtiger.genericUtils.BaseClass" name="@AfterTest configAT" time="0.0">
    <ignored/>
  </testcase> <!-- @AfterTest configAT -->
  <testcase classname="com.crm.vtiger.genericUtils.BaseClass" name="@BeforeSuite configBS" time="0.0">
    <ignored/>
  </testcase> <!-- @BeforeSuite configBS -->
  <testcase classname="com.crm.vtiger.genericUtils.BaseClass" name="@BeforeSuite configBS" time="0.0">
    <ignored/>
  </testcase> <!-- @BeforeSuite configBS -->
</testsuite> <!-- Test -->
