<?xml version="1.0" encoding="UTF-8"?>
<!-- Generated by org.testng.reporters.JUnitXMLReporter -->
<testsuite ignored="4" hostname="STEALTH" failures="0" tests="2" name="Test1" time="121.908" errors="0" timestamp="2021-05-08T21:10:12 IST">
  <testcase classname="com.crm.vtigerTests.Leads.TL_30_ConvertLeadBySelectingOpportunity" name="convertLead" time="42.999"/>
  <testcase classname="com.crm.vtigerTests.Leads.TL_27_ConvertLeadAndCheckError" name="convertLead" time="37.942"/>
  <testcase classname="com.crm.vtiger.genericUtils.BaseClass" name="@BeforeTest configBT" time="0.0">
    <ignored/>
  </testcase> <!-- @BeforeTest configBT -->
  <testcase classname="com.crm.vtiger.genericUtils.BaseClass" name="@AfterSuite configAS" time="0.0">
    <ignored/>
  </testcase> <!-- @AfterSuite configAS -->
  <testcase classname="com.crm.vtiger.genericUtils.BaseClass" name="@AfterTest configAT" time="0.0">
    <ignored/>
  </testcase> <!-- @AfterTest configAT -->
  <testcase classname="com.crm.vtiger.genericUtils.BaseClass" name="@BeforeSuite configBS" time="0.0">
    <ignored/>
  </testcase> <!-- @BeforeSuite configBS -->
</testsuite> <!-- Test1 -->
