<?xml version="1.0" encoding="UTF-8"?>
<!-- Generated by org.testng.reporters.JUnitXMLReporter -->
<testsuite ignored="16" hostname="STEALTH" failures="0" tests="5" name="Test" time="179.643" errors="0" timestamp="2021-05-06T00:32:17 IST">
  <testcase classname="com.crm.vtigerTests.Leads.TL_27_ConvertLeadToOpertunitiesBySelectingOpertunityAndContactTheChekboxsAndFeelAllTheMandatoryFields" name="convertLead" time="24.207"/>
  <testcase classname="com.crm.vtigerTests.Leads.TL_30_ConvertLeadToOpertunitiesBySelectingAllTheChekboxsAndGiveValidDataToExpectedCloseDate" name="convertLead" time="28.936"/>
  <testcase classname="com.crm.vtigerTests.Leads.TL_28_ConvertLeadToOpertunitiesBySelectingOpertunityAndContactTheChekboxsAndFeelAllTheMandatoryFields" name="convertLead" time="26.168"/>
  <testcase classname="com.crm.vtigerTests.Leads.TL_29_ConvertLeadToOpertunitiesBySelectingAllTheChekboxsAndChangeTheOpertunityName" name="convertLead" time="28.816"/>
  <testcase classname="com.crm.vtigerTests.Leads.TL_26_ConvertLeadToOpertunitiesBySelectingOrganisationAndContactChekboxsAndFillAllTheMandatoryFields" name="convertLead" time="28.666"/>
  <testcase classname="com.crm.vtiger.genericUtils.BaseClass" name="@AfterTest configAT" time="0.0">
    <ignored/>
  </testcase> <!-- @AfterTest configAT -->
  <testcase classname="com.crm.vtiger.genericUtils.BaseClass" name="@AfterTest configAT" time="0.0">
    <ignored/>
  </testcase> <!-- @AfterTest configAT -->
  <testcase classname="com.crm.vtiger.genericUtils.BaseClass" name="@AfterTest configAT" time="0.0">
    <ignored/>
  </testcase> <!-- @AfterTest configAT -->
  <testcase classname="com.crm.vtiger.genericUtils.BaseClass" name="@AfterTest configAT" time="0.0">
    <ignored/>
  </testcase> <!-- @AfterTest configAT -->
  <testcase classname="com.crm.vtiger.genericUtils.BaseClass" name="@BeforeSuite configBS" time="0.0">
    <ignored/>
  </testcase> <!-- @BeforeSuite configBS -->
  <testcase classname="com.crm.vtiger.genericUtils.BaseClass" name="@BeforeSuite configBS" time="0.0">
    <ignored/>
  </testcase> <!-- @BeforeSuite configBS -->
  <testcase classname="com.crm.vtiger.genericUtils.BaseClass" name="@BeforeSuite configBS" time="0.0">
    <ignored/>
  </testcase> <!-- @BeforeSuite configBS -->
  <testcase classname="com.crm.vtiger.genericUtils.BaseClass" name="@BeforeSuite configBS" time="0.0">
    <ignored/>
  </testcase> <!-- @BeforeSuite configBS -->
  <testcase classname="com.crm.vtiger.genericUtils.BaseClass" name="@BeforeTest configBT" time="0.0">
    <ignored/>
  </testcase> <!-- @BeforeTest configBT -->
  <testcase classname="com.crm.vtiger.genericUtils.BaseClass" name="@BeforeTest configBT" time="0.0">
    <ignored/>
  </testcase> <!-- @BeforeTest configBT -->
  <testcase classname="com.crm.vtiger.genericUtils.BaseClass" name="@BeforeTest configBT" time="0.0">
    <ignored/>
  </testcase> <!-- @BeforeTest configBT -->
  <testcase classname="com.crm.vtiger.genericUtils.BaseClass" name="@BeforeTest configBT" time="0.0">
    <ignored/>
  </testcase> <!-- @BeforeTest configBT -->
  <testcase classname="com.crm.vtiger.genericUtils.BaseClass" name="@AfterSuite configAS" time="0.0">
    <ignored/>
  </testcase> <!-- @AfterSuite configAS -->
  <testcase classname="com.crm.vtiger.genericUtils.BaseClass" name="@AfterSuite configAS" time="0.0">
    <ignored/>
  </testcase> <!-- @AfterSuite configAS -->
  <testcase classname="com.crm.vtiger.genericUtils.BaseClass" name="@AfterSuite configAS" time="0.0">
    <ignored/>
  </testcase> <!-- @AfterSuite configAS -->
  <testcase classname="com.crm.vtiger.genericUtils.BaseClass" name="@AfterSuite configAS" time="0.0">
    <ignored/>
  </testcase> <!-- @AfterSuite configAS -->
</testsuite> <!-- Test -->
